[debug] [2023-12-08T22:26:10.314Z] ----------------------------------------------------------------------
[debug] [2023-12-08T22:26:10.315Z] Command:       /Users/mainasaratsowa/.nvm/versions/node/v16.15.0/bin/node /Users/mainasaratsowa/code/rushpie/melon-api/node_modules/.bin/firebase emulators:start --only functions
[debug] [2023-12-08T22:26:10.316Z] CLI Version:   12.8.1
[debug] [2023-12-08T22:26:10.316Z] Platform:      darwin
[debug] [2023-12-08T22:26:10.316Z] Node Version:  v16.15.0
[debug] [2023-12-08T22:26:10.320Z] Time:          Fri Dec 08 2023 23:26:10 GMT+0100 (West Africa Standard Time)
[debug] [2023-12-08T22:26:10.320Z] ----------------------------------------------------------------------
[debug] 
[debug] [2023-12-08T22:26:10.321Z] >>> [apiv2][query] GET https://firebase-public.firebaseio.com/cli.json [none]
[debug] [2023-12-08T22:26:10.369Z] > command requires scopes: ["email","openid","https://www.googleapis.com/auth/cloudplatformprojects.readonly","https://www.googleapis.com/auth/firebase","https://www.googleapis.com/auth/cloud-platform"]
[debug] [2023-12-08T22:26:10.370Z] > authorizing via signed-in user (neutrino2211@gmail.com)
[info] i  emulators: Starting emulators: functions {"metadata":{"emulator":{"name":"hub"},"message":"Starting emulators: functions"}}
[debug] [2023-12-08T22:26:10.662Z] [logging] Logging Emulator only supports listening on one address (127.0.0.1). Not listening on ::1
[debug] [2023-12-08T22:26:10.663Z] assigned listening specs for emulators {"user":{"hub":[{"address":"127.0.0.1","family":"IPv4","port":4400},{"address":"::1","family":"IPv6","port":4400}],"ui":[{"address":"127.0.0.1","family":"IPv4","port":4000},{"address":"::1","family":"IPv6","port":4000}],"logging":[{"address":"127.0.0.1","family":"IPv4","port":4500}]},"metadata":{"message":"assigned listening specs for emulators"}}
[debug] [2023-12-08T22:26:10.670Z] [hub] writing locator at /var/folders/zd/pms0vn656n11ndvd4cqrn_2m0000gn/T/hub-melon-ef5d8.json
[debug] [2023-12-08T22:26:10.861Z] [functions] Functions Emulator only supports listening on one address (127.0.0.1). Not listening on ::1
[debug] [2023-12-08T22:26:10.861Z] [eventarc] Eventarc Emulator only supports listening on one address (127.0.0.1). Not listening on ::1
[debug] [2023-12-08T22:26:10.861Z] late-assigned ports for functions and eventarc emulators {"user":{"hub":[{"address":"127.0.0.1","family":"IPv4","port":4400},{"address":"::1","family":"IPv6","port":4400}],"ui":[{"address":"127.0.0.1","family":"IPv4","port":4000},{"address":"::1","family":"IPv6","port":4000}],"logging":[{"address":"127.0.0.1","family":"IPv4","port":4500}],"functions":[{"address":"127.0.0.1","family":"IPv4","port":5001}],"eventarc":[{"address":"127.0.0.1","family":"IPv4","port":9299}]},"metadata":{"message":"late-assigned ports for functions and eventarc emulators"}}
[warn] ⚠  functions: The following emulators are not running, calls to these services from the Functions emulator will affect production: auth, firestore, database, hosting, pubsub, storage {"metadata":{"emulator":{"name":"functions"},"message":"The following emulators are not running, calls to these services from the Functions emulator will affect production: \u001b[1mauth, firestore, database, hosting, pubsub, storage\u001b[22m"}}
[debug] [2023-12-08T22:26:10.863Z] defaultcredentials: writing to file /Users/mainasaratsowa/.config/firebase/neutrino2211_gmail_com_application_default_credentials.json
[debug] [2023-12-08T22:26:10.867Z] Setting GAC to /Users/mainasaratsowa/.config/firebase/neutrino2211_gmail_com_application_default_credentials.json {"metadata":{"emulator":{"name":"functions"},"message":"Setting GAC to /Users/mainasaratsowa/.config/firebase/neutrino2211_gmail_com_application_default_credentials.json"}}
[debug] [2023-12-08T22:26:10.868Z] > refreshing access token with scopes: []
[debug] [2023-12-08T22:26:10.868Z] >>> [apiv2][query] POST https://www.googleapis.com/oauth2/v3/token [none]
[debug] [2023-12-08T22:26:10.868Z] >>> [apiv2][body] POST https://www.googleapis.com/oauth2/v3/token [omitted]
[debug] [2023-12-08T22:26:11.388Z] <<< [apiv2][status] GET https://firebase-public.firebaseio.com/cli.json 200
[debug] [2023-12-08T22:26:11.388Z] <<< [apiv2][body] GET https://firebase-public.firebaseio.com/cli.json {"cloudBuildErrorAfter":1594252800000,"cloudBuildWarnAfter":1590019200000,"defaultNode10After":1594252800000,"minVersion":"3.0.5","node8DeploysDisabledAfter":1613390400000,"node8RuntimeDisabledAfter":1615809600000,"node8WarnAfter":1600128000000}
[debug] [2023-12-08T22:26:11.913Z] <<< [apiv2][status] POST https://www.googleapis.com/oauth2/v3/token 200
[debug] [2023-12-08T22:26:11.913Z] <<< [apiv2][body] POST https://www.googleapis.com/oauth2/v3/token [omitted]
[debug] [2023-12-08T22:26:11.927Z] >>> [apiv2][query] GET https://firebase.googleapis.com/v1beta1/projects/melon-ef5d8/adminSdkConfig [none]
[debug] [2023-12-08T22:26:12.451Z] <<< [apiv2][status] GET https://firebase.googleapis.com/v1beta1/projects/melon-ef5d8/adminSdkConfig 200
[debug] [2023-12-08T22:26:12.452Z] <<< [apiv2][body] GET https://firebase.googleapis.com/v1beta1/projects/melon-ef5d8/adminSdkConfig {"projectId":"melon-ef5d8","storageBucket":"melon-ef5d8.appspot.com"}
[debug] [2023-12-08T22:26:12.465Z] Ignoring unsupported arg: auto_download {"metadata":{"emulator":{"name":"ui"},"message":"Ignoring unsupported arg: auto_download"}}
[debug] [2023-12-08T22:26:12.465Z] Ignoring unsupported arg: port {"metadata":{"emulator":{"name":"ui"},"message":"Ignoring unsupported arg: port"}}
[debug] [2023-12-08T22:26:12.465Z] Starting Emulator UI with command {"binary":"node","args":["/Users/mainasaratsowa/.cache/firebase/emulators/ui-v1.11.7/server/server.js"],"optionalArgs":[],"joinArgs":false} {"metadata":{"emulator":{"name":"ui"},"message":"Starting Emulator UI with command {\"binary\":\"node\",\"args\":[\"/Users/mainasaratsowa/.cache/firebase/emulators/ui-v1.11.7/server/server.js\"],\"optionalArgs\":[],\"joinArgs\":false}"}}
[info] i  ui: Emulator UI logging to ui-debug.log {"metadata":{"emulator":{"name":"ui"},"message":"Emulator UI logging to \u001b[1mui-debug.log\u001b[22m"}}
[debug] [2023-12-08T22:26:12.542Z] Web / API server started at 127.0.0.1:4000
Web / API server started at ::1:4000
 {"metadata":{"emulator":{"name":"ui"},"message":"Web / API server started at 127.0.0.1:4000\nWeb / API server started at ::1:4000\n"}}
[info] i  functions: Watching "/Users/mainasaratsowa/code/rushpie/melon-api/functions" for Cloud Functions... {"metadata":{"emulator":{"name":"functions"},"message":"Watching \"/Users/mainasaratsowa/code/rushpie/melon-api/functions\" for Cloud Functions..."}}
[debug] [2023-12-08T22:26:12.727Z] Validating nodejs source
[warn] ⚠  functions: package.json indicates an outdated version of firebase-functions. Please upgrade using npm install --save firebase-functions@latest in your functions directory. 
[warn] ⚠  functions: Please note that there will be breaking changes when you upgrade. 
[debug] [2023-12-08T22:26:13.392Z] > [functions] package.json contents: {
  "name": "functions",
  "scripts": {
    "lint": "eslint --ext .js,.ts .",
    "build": "tsc",
    "build:watch": "tsc --watch",
    "serve": "npm run build && firebase emulators:start --only functions",
    "shell": "npm run build && firebase functions:shell",
    "start": "npm run shell",
    "deploy": "firebase deploy --only functions",
    "logs": "firebase functions:log"
  },
  "engines": {
    "node": "16"
  },
  "main": "lib/index.js",
  "dependencies": {
    "@google-cloud/functions-framework": "^3.3.0",
    "firebase-admin": "^10.0.2",
    "firebase-functions": "^3.18.0",
    "nodemailer": "^6.9.7"
  },
  "devDependencies": {
    "@typescript-eslint/eslint-plugin": "^5.12.0",
    "@typescript-eslint/parser": "^5.12.0",
    "eslint": "^8.9.0",
    "eslint-config-google": "^0.14.0",
    "eslint-plugin-import": "^2.25.4",
    "firebase-functions-test": "^0.2.0",
    "typescript": "^4.5.4"
  },
  "private": true
}
[debug] [2023-12-08T22:26:13.392Z] Building nodejs source
[debug] [2023-12-08T22:26:13.392Z] Failed to find version of module node: reached end of search path /Users/mainasaratsowa/code/rushpie/melon-api/functions/node_modules
[info] ✔  functions: Using node@16 from host. 
[info] i  functions: Loaded environment variables from .env. 
[debug] [2023-12-08T22:26:13.394Z] Could not find functions.yaml. Must use http discovery
[debug] [2023-12-08T22:26:13.398Z] Found firebase-functions binary at '/Users/mainasaratsowa/code/rushpie/melon-api/functions/node_modules/.bin/firebase-functions'
[info] Serving at port 8322

[debug] [2023-12-08T22:26:13.618Z] Got response from /__/functions.yaml {"endpoints":{"melonMailer":{"platform":"gcfv1","httpsTrigger":{},"entryPoint":"melonMailer"}},"specVersion":"v1alpha1","requiredAPIs":[]}
[info] shutdown requested via /__/quitquitquit

[info] ✔  functions: Loaded functions definitions from source: melonMailer. {"metadata":{"emulator":{"name":"functions"},"message":"Loaded functions definitions from source: melonMailer."}}
[info] ✔  functions[us-central1-melonMailer]: http function initialized (http://127.0.0.1:5001/melon-ef5d8/us-central1/melonMailer). {"metadata":{"emulator":{"name":"functions"},"message":"\u001b[1mhttp\u001b[22m function initialized (http://127.0.0.1:5001/melon-ef5d8/us-central1/melonMailer)."}}
[info] 
┌─────────────────────────────────────────────────────────────┐
│ ✔  All emulators ready! It is now safe to connect your app. │
│ i  View Emulator UI at http://127.0.0.1:4000/               │
└─────────────────────────────────────────────────────────────┘

┌───────────┬────────────────┬─────────────────────────────────┐
│ Emulator  │ Host:Port      │ View in Emulator UI             │
├───────────┼────────────────┼─────────────────────────────────┤
│ Functions │ 127.0.0.1:5001 │ http://127.0.0.1:4000/functions │
└───────────┴────────────────┴─────────────────────────────────┘
  Emulator Hub running at 127.0.0.1:4400
  Other reserved ports: 4500

Issues? Report them at https://github.com/firebase/firebase-tools/issues and attach the *-debug.log files.
 
[debug] [2023-12-08T22:26:25.628Z] [work-queue] {"queuedWork":["/melon-ef5d8/us-central1/melonMailer-2023-12-08T22:26:25.628Z"],"queueLength":1,"runningWork":[],"workRunningCount":0}
[debug] [2023-12-08T22:26:25.629Z] [work-queue] {"queuedWork":[],"queueLength":0,"runningWork":["/melon-ef5d8/us-central1/melonMailer-2023-12-08T22:26:25.628Z"],"workRunningCount":1}
[debug] [2023-12-08T22:26:25.630Z] Accepted request POST /melon-ef5d8/us-central1/melonMailer --> us-central1-melonMailer
[debug] [2023-12-08T22:26:25.633Z] [functions] Runtime ready! Sending request! {"metadata":{"emulator":{"name":"functions"},"message":"[functions] Runtime ready! Sending request!"}}
[debug] [2023-12-08T22:26:25.633Z] [functions] Got req.url=/melon-ef5d8/us-central1/melonMailer, mapping to path=/ {"metadata":{"emulator":{"name":"functions"},"message":"[functions] Got req.url=/melon-ef5d8/us-central1/melonMailer, mapping to path=/"}}
[info] i  functions: Loaded environment variables from .env. 
[debug] [2023-12-08T22:26:25.640Z] [worker-pool] addWorker(us-central1-melonMailer) {"metadata":{"emulator":{"name":"functions"},"message":"[worker-pool] addWorker(us-central1-melonMailer)"}}
[debug] [2023-12-08T22:26:25.641Z] [worker-pool] Adding worker with key us-central1-melonMailer, total=1 {"metadata":{"emulator":{"name":"functions"},"message":"[worker-pool] Adding worker with key us-central1-melonMailer, total=1"}}
[debug] [2023-12-08T22:26:26.236Z] [runtime-status] [87587] Resolved module firebase-admin {"declared":true,"installed":true,"version":"10.3.0","resolution":"/Users/mainasaratsowa/code/rushpie/melon-api/functions/node_modules/.pnpm/firebase-admin@10.3.0_@firebase+app-types@0.9.0/node_modules/firebase-admin/lib/index.js"} {"metadata":{"emulator":{"name":"functions"},"function":{"name":"us-central1-melonMailer"},"extension":{},"message":"[runtime-status] [87587] Resolved module firebase-admin {\"declared\":true,\"installed\":true,\"version\":\"10.3.0\",\"resolution\":\"/Users/mainasaratsowa/code/rushpie/melon-api/functions/node_modules/.pnpm/firebase-admin@10.3.0_@firebase+app-types@0.9.0/node_modules/firebase-admin/lib/index.js\"}"}}
[debug] [2023-12-08T22:26:26.236Z] [runtime-status] [87587] Resolved module firebase-functions {"declared":true,"installed":true,"version":"3.24.1","resolution":"/Users/mainasaratsowa/code/rushpie/melon-api/functions/node_modules/.pnpm/firebase-functions@3.24.1_firebase-admin@10.3.0/node_modules/firebase-functions/lib/index.js"} {"metadata":{"emulator":{"name":"functions"},"function":{"name":"us-central1-melonMailer"},"extension":{},"message":"[runtime-status] [87587] Resolved module firebase-functions {\"declared\":true,\"installed\":true,\"version\":\"3.24.1\",\"resolution\":\"/Users/mainasaratsowa/code/rushpie/melon-api/functions/node_modules/.pnpm/firebase-functions@3.24.1_firebase-admin@10.3.0/node_modules/firebase-functions/lib/index.js\"}"}}
[debug] [2023-12-08T22:26:26.236Z] [runtime-status] [87587] Outgoing network have been stubbed. [{"name":"http","status":"mocked"},{"name":"http","status":"mocked"},{"name":"https","status":"mocked"},{"name":"https","status":"mocked"},{"name":"net","status":"mocked"}] {"metadata":{"emulator":{"name":"functions"},"function":{"name":"us-central1-melonMailer"},"extension":{},"message":"[runtime-status] [87587] Outgoing network have been stubbed. [{\"name\":\"http\",\"status\":\"mocked\"},{\"name\":\"http\",\"status\":\"mocked\"},{\"name\":\"https\",\"status\":\"mocked\"},{\"name\":\"https\",\"status\":\"mocked\"},{\"name\":\"net\",\"status\":\"mocked\"}]"}}
[debug] [2023-12-08T22:26:26.237Z] [runtime-status] [87587] Resolved module firebase-functions {"declared":true,"installed":true,"version":"3.24.1","resolution":"/Users/mainasaratsowa/code/rushpie/melon-api/functions/node_modules/.pnpm/firebase-functions@3.24.1_firebase-admin@10.3.0/node_modules/firebase-functions/lib/index.js"} {"metadata":{"emulator":{"name":"functions"},"function":{"name":"us-central1-melonMailer"},"extension":{},"message":"[runtime-status] [87587] Resolved module firebase-functions {\"declared\":true,\"installed\":true,\"version\":\"3.24.1\",\"resolution\":\"/Users/mainasaratsowa/code/rushpie/melon-api/functions/node_modules/.pnpm/firebase-functions@3.24.1_firebase-admin@10.3.0/node_modules/firebase-functions/lib/index.js\"}"}}
[debug] [2023-12-08T22:26:26.261Z] [runtime-status] [87587] Checked functions.config() {"config":{}} {"metadata":{"emulator":{"name":"functions"},"function":{"name":"us-central1-melonMailer"},"extension":{},"message":"[runtime-status] [87587] Checked functions.config() {\"config\":{}}"}}
[debug] [2023-12-08T22:26:26.261Z] [runtime-status] [87587] firebase-functions has been stubbed. {"functionsResolution":{"declared":true,"installed":true,"version":"3.24.1","resolution":"/Users/mainasaratsowa/code/rushpie/melon-api/functions/node_modules/.pnpm/firebase-functions@3.24.1_firebase-admin@10.3.0/node_modules/firebase-functions/lib/index.js"}} {"metadata":{"emulator":{"name":"functions"},"function":{"name":"us-central1-melonMailer"},"extension":{},"message":"[runtime-status] [87587] firebase-functions has been stubbed. {\"functionsResolution\":{\"declared\":true,\"installed\":true,\"version\":\"3.24.1\",\"resolution\":\"/Users/mainasaratsowa/code/rushpie/melon-api/functions/node_modules/.pnpm/firebase-functions@3.24.1_firebase-admin@10.3.0/node_modules/firebase-functions/lib/index.js\"}}"}}
[debug] [2023-12-08T22:26:26.261Z] [runtime-status] [87587] Resolved module firebase-functions {"declared":true,"installed":true,"version":"3.24.1","resolution":"/Users/mainasaratsowa/code/rushpie/melon-api/functions/node_modules/.pnpm/firebase-functions@3.24.1_firebase-admin@10.3.0/node_modules/firebase-functions/lib/index.js"} {"metadata":{"emulator":{"name":"functions"},"function":{"name":"us-central1-melonMailer"},"extension":{},"message":"[runtime-status] [87587] Resolved module firebase-functions {\"declared\":true,\"installed\":true,\"version\":\"3.24.1\",\"resolution\":\"/Users/mainasaratsowa/code/rushpie/melon-api/functions/node_modules/.pnpm/firebase-functions@3.24.1_firebase-admin@10.3.0/node_modules/firebase-functions/lib/index.js\"}"}}
[debug] [2023-12-08T22:26:26.262Z] [runtime-status] [87587] Resolved module firebase-admin {"declared":true,"installed":true,"version":"10.3.0","resolution":"/Users/mainasaratsowa/code/rushpie/melon-api/functions/node_modules/.pnpm/firebase-admin@10.3.0_@firebase+app-types@0.9.0/node_modules/firebase-admin/lib/index.js"} {"metadata":{"emulator":{"name":"functions"},"function":{"name":"us-central1-melonMailer"},"extension":{},"message":"[runtime-status] [87587] Resolved module firebase-admin {\"declared\":true,\"installed\":true,\"version\":\"10.3.0\",\"resolution\":\"/Users/mainasaratsowa/code/rushpie/melon-api/functions/node_modules/.pnpm/firebase-admin@10.3.0_@firebase+app-types@0.9.0/node_modules/firebase-admin/lib/index.js\"}"}}
[debug] [2023-12-08T22:26:26.262Z] [runtime-status] [87587] Resolved module firebase-functions {"declared":true,"installed":true,"version":"3.24.1","resolution":"/Users/mainasaratsowa/code/rushpie/melon-api/functions/node_modules/.pnpm/firebase-functions@3.24.1_firebase-admin@10.3.0/node_modules/firebase-functions/lib/index.js"} {"metadata":{"emulator":{"name":"functions"},"function":{"name":"us-central1-melonMailer"},"extension":{},"message":"[runtime-status] [87587] Resolved module firebase-functions {\"declared\":true,\"installed\":true,\"version\":\"3.24.1\",\"resolution\":\"/Users/mainasaratsowa/code/rushpie/melon-api/functions/node_modules/.pnpm/firebase-functions@3.24.1_firebase-admin@10.3.0/node_modules/firebase-functions/lib/index.js\"}"}}
[debug] [2023-12-08T22:26:26.262Z] [runtime-status] [87587] firebase-admin has been stubbed. {"adminResolution":{"declared":true,"installed":true,"version":"10.3.0","resolution":"/Users/mainasaratsowa/code/rushpie/melon-api/functions/node_modules/.pnpm/firebase-admin@10.3.0_@firebase+app-types@0.9.0/node_modules/firebase-admin/lib/index.js"}} {"metadata":{"emulator":{"name":"functions"},"function":{"name":"us-central1-melonMailer"},"extension":{},"message":"[runtime-status] [87587] firebase-admin has been stubbed. {\"adminResolution\":{\"declared\":true,\"installed\":true,\"version\":\"10.3.0\",\"resolution\":\"/Users/mainasaratsowa/code/rushpie/melon-api/functions/node_modules/.pnpm/firebase-admin@10.3.0_@firebase+app-types@0.9.0/node_modules/firebase-admin/lib/index.js\"}}"}}
[debug] [2023-12-08T22:26:26.286Z] [runtime-status] [87587] Functions runtime initialized. {"cwd":"/Users/mainasaratsowa/code/rushpie/melon-api/functions","node_version":"16.15.0"} {"metadata":{"emulator":{"name":"functions"},"function":{"name":"us-central1-melonMailer"},"extension":{},"message":"[runtime-status] [87587] Functions runtime initialized. {\"cwd\":\"/Users/mainasaratsowa/code/rushpie/melon-api/functions\",\"node_version\":\"16.15.0\"}"}}
[debug] [2023-12-08T22:26:26.286Z] [runtime-status] [87587] Listening to port: /var/folders/zd/pms0vn656n11ndvd4cqrn_2m0000gn/T/fire_emu_0f730c58383cd6ec.sock {"metadata":{"emulator":{"name":"functions"},"function":{"name":"us-central1-melonMailer"},"extension":{},"message":"[runtime-status] [87587] Listening to port: /var/folders/zd/pms0vn656n11ndvd4cqrn_2m0000gn/T/fire_emu_0f730c58383cd6ec.sock"}}
[debug] [2023-12-08T22:26:26.360Z] [worker-us-central1-melonMailer-0f2a4850-910b-4055-b664-4f91cb939c58]: IDLE {"metadata":{"emulator":{"name":"functions"},"function":{"name":"us-central1-melonMailer"},"extension":{},"message":"[worker-us-central1-melonMailer-0f2a4850-910b-4055-b664-4f91cb939c58]: IDLE"}}
[debug] [2023-12-08T22:26:26.360Z] [worker-pool] submitRequest(triggerId=us-central1-melonMailer) {"metadata":{"emulator":{"name":"functions"},"message":"[worker-pool] submitRequest(triggerId=us-central1-melonMailer)"}}
[info] i  functions: Beginning execution of "us-central1-melonMailer" {"metadata":{"emulator":{"name":"functions"},"function":{"name":"us-central1-melonMailer"},"extension":{},"message":"Beginning execution of \"us-central1-melonMailer\""}}
[debug] [2023-12-08T22:26:26.361Z] [worker-us-central1-melonMailer-0f2a4850-910b-4055-b664-4f91cb939c58]: BUSY {"metadata":{"emulator":{"name":"functions"},"function":{"name":"us-central1-melonMailer"},"extension":{},"message":"[worker-us-central1-melonMailer-0f2a4850-910b-4055-b664-4f91cb939c58]: BUSY"}}
[info] >  {"severity":"INFO","message":"sending Welcome to Melon, here's your OTP to Tsowamainasara@gmail.com"} {"user":{"severity":"INFO","message":"sending Welcome to Melon, here's your OTP to Tsowamainasara@gmail.com"},"metadata":{"emulator":{"name":"functions"},"function":{"name":"us-central1-melonMailer"},"extension":{},"message":"\u001b[90m> \u001b[39m {\"severity\":\"INFO\",\"message\":\"sending Welcome to Melon, here's your OTP to Tsowamainasara@gmail.com\"}"}}
[info] >  {"user":"no-reply@usemelon.co","pass":"@MelonRocks2029","severity":"INFO","message":""} {"user":{"user":"no-reply@usemelon.co","pass":"@MelonRocks2029","severity":"INFO","message":""},"metadata":{"emulator":{"name":"functions"},"function":{"name":"us-central1-melonMailer"},"extension":{},"message":"\u001b[90m> \u001b[39m {\"user\":\"no-reply@usemelon.co\",\"pass\":\"@MelonRocks2029\",\"severity\":\"INFO\",\"message\":\"\"}"}}
[info] >  {"severity":"INFO","message":"Email sent: 250 2.0.0 Ok: queued as 6931918000AF"} {"user":{"severity":"INFO","message":"Email sent: 250 2.0.0 Ok: queued as 6931918000AF"},"metadata":{"emulator":{"name":"functions"},"function":{"name":"us-central1-melonMailer"},"extension":{},"message":"\u001b[90m> \u001b[39m {\"severity\":\"INFO\",\"message\":\"Email sent: 250 2.0.0 Ok: queued as 6931918000AF\"}"}}
[info] >  {"accepted":["Tsowamainasara@gmail.com"],"rejected":[],"ehlo":["PIPELINING","SIZE 81788928","ETRN","AUTH PLAIN LOGIN","ENHANCEDSTATUSCODES","8BITMIME","CHUNKING"],"envelopeTime":875,"messageTime":798,"messageSize":386,"response":"250 2.0.0 Ok: queued as 6931918000AF","envelope":{"from":"no-reply@usemelon.co","to":["Tsowamainasara@gmail.com"]},"messageId":"<70443995-7b27-feb7-d688-d67dfd8ece59@usemelon.co>","severity":"INFO","message":""} {"user":{"accepted":["Tsowamainasara@gmail.com"],"rejected":[],"ehlo":["PIPELINING","SIZE 81788928","ETRN","AUTH PLAIN LOGIN","ENHANCEDSTATUSCODES","8BITMIME","CHUNKING"],"envelopeTime":875,"messageTime":798,"messageSize":386,"response":"250 2.0.0 Ok: queued as 6931918000AF","envelope":{"from":"no-reply@usemelon.co","to":["Tsowamainasara@gmail.com"]},"messageId":"<70443995-7b27-feb7-d688-d67dfd8ece59@usemelon.co>","severity":"INFO","message":""},"metadata":{"emulator":{"name":"functions"},"function":{"name":"us-central1-melonMailer"},"extension":{},"message":"\u001b[90m> \u001b[39m {\"accepted\":[\"Tsowamainasara@gmail.com\"],\"rejected\":[],\"ehlo\":[\"PIPELINING\",\"SIZE 81788928\",\"ETRN\",\"AUTH PLAIN LOGIN\",\"ENHANCEDSTATUSCODES\",\"8BITMIME\",\"CHUNKING\"],\"envelopeTime\":875,\"messageTime\":798,\"messageSize\":386,\"response\":\"250 2.0.0 Ok: queued as 6931918000AF\",\"envelope\":{\"from\":\"no-reply@usemelon.co\",\"to\":[\"Tsowamainasara@gmail.com\"]},\"messageId\":\"<70443995-7b27-feb7-d688-d67dfd8ece59@usemelon.co>\",\"severity\":\"INFO\",\"message\":\"\"}"}}
[debug] [2023-12-08T22:26:29.493Z] Finishing up request with event=pause {"metadata":{"emulator":{"name":"functions"},"function":{"name":"us-central1-melonMailer"},"extension":{},"message":"Finishing up request with event=pause"}}
[info] i  functions: Finished "us-central1-melonMailer" in 3132.473416ms {"metadata":{"emulator":{"name":"functions"},"function":{"name":"us-central1-melonMailer"},"extension":{},"message":"Finished \"us-central1-melonMailer\" in 3132.473416ms"}}
[debug] [2023-12-08T22:26:29.493Z] [worker-us-central1-melonMailer-0f2a4850-910b-4055-b664-4f91cb939c58]: IDLE {"metadata":{"emulator":{"name":"functions"},"function":{"name":"us-central1-melonMailer"},"extension":{},"message":"[worker-us-central1-melonMailer-0f2a4850-910b-4055-b664-4f91cb939c58]: IDLE"}}
[debug] [2023-12-08T22:26:29.493Z] Finishing up request with event=finish {"metadata":{"emulator":{"name":"functions"},"function":{"name":"us-central1-melonMailer"},"extension":{},"message":"Finishing up request with event=finish"}}
[debug] [2023-12-08T22:26:29.493Z] Finishing up request with event=close {"metadata":{"emulator":{"name":"functions"},"function":{"name":"us-central1-melonMailer"},"extension":{},"message":"Finishing up request with event=close"}}
[debug] [2023-12-08T22:26:29.494Z] [work-queue] {"queuedWork":[],"queueLength":0,"runningWork":[],"workRunningCount":0}
[debug] [2023-12-09T20:08:12.267Z] [work-queue] {"queuedWork":["/melon-ef5d8/us-central1/melonMailer-2023-12-09T20:08:12.265Z"],"queueLength":1,"runningWork":[],"workRunningCount":0}
[debug] [2023-12-09T20:08:12.270Z] [work-queue] {"queuedWork":[],"queueLength":0,"runningWork":["/melon-ef5d8/us-central1/melonMailer-2023-12-09T20:08:12.265Z"],"workRunningCount":1}
[debug] [2023-12-09T20:08:12.271Z] Accepted request POST /melon-ef5d8/us-central1/melonMailer --> us-central1-melonMailer
[debug] [2023-12-09T20:08:12.304Z] [functions] Runtime ready! Sending request! {"metadata":{"emulator":{"name":"functions"},"message":"[functions] Runtime ready! Sending request!"}}
[debug] [2023-12-09T20:08:12.304Z] [functions] Got req.url=/melon-ef5d8/us-central1/melonMailer, mapping to path=/ {"metadata":{"emulator":{"name":"functions"},"message":"[functions] Got req.url=/melon-ef5d8/us-central1/melonMailer, mapping to path=/"}}
[debug] [2023-12-09T20:08:12.305Z] [worker-pool] submitRequest(triggerId=us-central1-melonMailer) {"metadata":{"emulator":{"name":"functions"},"message":"[worker-pool] submitRequest(triggerId=us-central1-melonMailer)"}}
[info] i  functions: Beginning execution of "us-central1-melonMailer" {"metadata":{"emulator":{"name":"functions"},"function":{"name":"us-central1-melonMailer"},"extension":{},"message":"Beginning execution of \"us-central1-melonMailer\""}}
[debug] [2023-12-09T20:08:12.307Z] [worker-us-central1-melonMailer-0f2a4850-910b-4055-b664-4f91cb939c58]: BUSY {"metadata":{"emulator":{"name":"functions"},"function":{"name":"us-central1-melonMailer"},"extension":{},"message":"[worker-us-central1-melonMailer-0f2a4850-910b-4055-b664-4f91cb939c58]: BUSY"}}
[info] >  {"severity":"INFO","message":"sending Welcome to Melon, here's your OTP to Tsowamainasara@gmail.com"} {"user":{"severity":"INFO","message":"sending Welcome to Melon, here's your OTP to Tsowamainasara@gmail.com"},"metadata":{"emulator":{"name":"functions"},"function":{"name":"us-central1-melonMailer"},"extension":{},"message":"\u001b[90m> \u001b[39m {\"severity\":\"INFO\",\"message\":\"sending Welcome to Melon, here's your OTP to Tsowamainasara@gmail.com\"}"}}
[info] >  {"user":"no-reply@usemelon.co","pass":"@MelonRocks2029","severity":"INFO","message":""} {"user":{"user":"no-reply@usemelon.co","pass":"@MelonRocks2029","severity":"INFO","message":""},"metadata":{"emulator":{"name":"functions"},"function":{"name":"us-central1-melonMailer"},"extension":{},"message":"\u001b[90m> \u001b[39m {\"user\":\"no-reply@usemelon.co\",\"pass\":\"@MelonRocks2029\",\"severity\":\"INFO\",\"message\":\"\"}"}}
[info] >  {"severity":"INFO","message":"Email sent: 250 2.0.0 Ok: queued as BF73418000CE"} {"user":{"severity":"INFO","message":"Email sent: 250 2.0.0 Ok: queued as BF73418000CE"},"metadata":{"emulator":{"name":"functions"},"function":{"name":"us-central1-melonMailer"},"extension":{},"message":"\u001b[90m> \u001b[39m {\"severity\":\"INFO\",\"message\":\"Email sent: 250 2.0.0 Ok: queued as BF73418000CE\"}"}}
[info] >  {"accepted":["Tsowamainasara@gmail.com"],"rejected":[],"ehlo":["PIPELINING","SIZE 81788928","ETRN","AUTH PLAIN LOGIN","ENHANCEDSTATUSCODES","8BITMIME","CHUNKING"],"envelopeTime":1067,"messageTime":832,"messageSize":386,"response":"250 2.0.0 Ok: queued as BF73418000CE","envelope":{"from":"no-reply@usemelon.co","to":["Tsowamainasara@gmail.com"]},"messageId":"<0bf0c4c1-a648-65dd-f861-947eeae5eaa6@usemelon.co>","severity":"INFO","message":""} {"user":{"accepted":["Tsowamainasara@gmail.com"],"rejected":[],"ehlo":["PIPELINING","SIZE 81788928","ETRN","AUTH PLAIN LOGIN","ENHANCEDSTATUSCODES","8BITMIME","CHUNKING"],"envelopeTime":1067,"messageTime":832,"messageSize":386,"response":"250 2.0.0 Ok: queued as BF73418000CE","envelope":{"from":"no-reply@usemelon.co","to":["Tsowamainasara@gmail.com"]},"messageId":"<0bf0c4c1-a648-65dd-f861-947eeae5eaa6@usemelon.co>","severity":"INFO","message":""},"metadata":{"emulator":{"name":"functions"},"function":{"name":"us-central1-melonMailer"},"extension":{},"message":"\u001b[90m> \u001b[39m {\"accepted\":[\"Tsowamainasara@gmail.com\"],\"rejected\":[],\"ehlo\":[\"PIPELINING\",\"SIZE 81788928\",\"ETRN\",\"AUTH PLAIN LOGIN\",\"ENHANCEDSTATUSCODES\",\"8BITMIME\",\"CHUNKING\"],\"envelopeTime\":1067,\"messageTime\":832,\"messageSize\":386,\"response\":\"250 2.0.0 Ok: queued as BF73418000CE\",\"envelope\":{\"from\":\"no-reply@usemelon.co\",\"to\":[\"Tsowamainasara@gmail.com\"]},\"messageId\":\"<0bf0c4c1-a648-65dd-f861-947eeae5eaa6@usemelon.co>\",\"severity\":\"INFO\",\"message\":\"\"}"}}
[debug] [2023-12-09T20:08:15.880Z] Finishing up request with event=pause {"metadata":{"emulator":{"name":"functions"},"function":{"name":"us-central1-melonMailer"},"extension":{},"message":"Finishing up request with event=pause"}}
[info] i  functions: Finished "us-central1-melonMailer" in 3572.531708ms {"metadata":{"emulator":{"name":"functions"},"function":{"name":"us-central1-melonMailer"},"extension":{},"message":"Finished \"us-central1-melonMailer\" in 3572.531708ms"}}
[debug] [2023-12-09T20:08:15.884Z] [worker-us-central1-melonMailer-0f2a4850-910b-4055-b664-4f91cb939c58]: IDLE {"metadata":{"emulator":{"name":"functions"},"function":{"name":"us-central1-melonMailer"},"extension":{},"message":"[worker-us-central1-melonMailer-0f2a4850-910b-4055-b664-4f91cb939c58]: IDLE"}}
[debug] [2023-12-09T20:08:15.884Z] Finishing up request with event=finish {"metadata":{"emulator":{"name":"functions"},"function":{"name":"us-central1-melonMailer"},"extension":{},"message":"Finishing up request with event=finish"}}
[debug] [2023-12-09T20:08:15.884Z] Finishing up request with event=close {"metadata":{"emulator":{"name":"functions"},"function":{"name":"us-central1-melonMailer"},"extension":{},"message":"Finishing up request with event=close"}}
[debug] [2023-12-09T20:08:15.884Z] [work-queue] {"queuedWork":[],"queueLength":0,"runningWork":[],"workRunningCount":0}
